Removed Pin From Net: NetName=GND Pin=C1-1
Removed Pin From Net: NetName=3.3VDC Pin=C1-2
Removed Pin From Net: NetName=EN Pin=C2-1
Removed Pin From Net: NetName=BOOT Pin=C3-1
Removed Pin From Net: NetName=3.3VDC Pin=C4-1
Removed Pin From Net: NetName=GND Pin=C6-1
Removed Pin From Net: NetName=3.3VDC Pin=C6-2
Removed Pin From Net: NetName=5VDC Pin=C14-1
Removed Pin From Net: NetName=GND Pin=C15-1
Removed Pin From Net: NetName=3.3VDC Pin=C15-2
Removed Pin From Net: NetName=GND Pin=C16-1
Removed Pin From Net: NetName=3.3VDC Pin=C16-2
Removed Pin From Net: NetName=+5V Pin=C27-1
Removed Pin From Net: NetName=GND Pin=C27-2
Removed Pin From Net: NetName=+3.3V Pin=C28-1
Removed Pin From Net: NetName=GND Pin=C28-2
Removed Pin From Net: NetName=+3.3V Pin=C29-1
Removed Pin From Net: NetName=GND Pin=C29-2
Removed Pin From Net: NetName=4.2V Pin=C30-1
Removed Pin From Net: NetName=GND Pin=C30-2
Removed Pin From Net: NetName=NetC7_1 Pin=C31-1
Removed Pin From Net: NetName=GND Pin=C31-2
Removed Pin From Net: NetName=GND Pin=C32-1
Removed Pin From Net: NetName=4.2V Pin=C32-2
Removed Pin From Net: NetName=4.2V Pin=C33-1
Removed Pin From Net: NetName=GND Pin=C33-2
Removed Pin From Net: NetName=GND Pin=C34-1
Removed Pin From Net: NetName=NetC34_2 Pin=C34-2
Removed Pin From Net: NetName=4.2V Pin=C35-1
Removed Pin From Net: NetName=GND Pin=C35-2
Removed Pin From Net: NetName=4.2V Pin=C36-1
Removed Pin From Net: NetName=GND Pin=C36-2
Removed Pin From Net: NetName=5V Pin=C37-1
Removed Pin From Net: NetName=GND Pin=C37-2
Removed Pin From Net: NetName=GND Pin=C38-1
Removed Pin From Net: NetName=3.3VDC Pin=C38-2
Removed Pin From Net: NetName=GND Pin=C39-1
Removed Pin From Net: NetName=3.3VDC Pin=C39-2
Removed Pin From Net: NetName=LED Pin=LED1-1
Removed Pin From Net: NetName=NetLED1_2 Pin=LED1-2
Removed Pin From Net: NetName=+3.3V Pin=LED4-1
Removed Pin From Net: NetName=NetLED4_2 Pin=LED4-2
Removed Pin From Net: NetName=5V Pin=LED5-1
Removed Pin From Net: NetName=NetLED5_2 Pin=LED5-2
Removed Pin From Net: NetName=5V Pin=LED6-1
Removed Pin From Net: NetName=NetLED6_2 Pin=LED6-2
Removed Pin From Net: NetName=5V Pin=R9-1
Removed Pin From Net: NetName=NetQ2_1 Pin=R9-2
Removed Pin From Net: NetName=GND Pin=R10-1
Removed Pin From Net: NetName=NetQ2_1 Pin=R10-2
Removed Pin From Net: NetName=NetIC1_6 Pin=R11-1
Removed Pin From Net: NetName=SPI_SCK Pin=R11-2
Removed Pin From Net: NetName=NetIC1_5 Pin=R12-1
Removed Pin From Net: NetName=SPI_MOSI Pin=R12-2
Removed Pin From Net: NetName=GND Pin=R13-1
Removed Pin From Net: NetName=NetIC1_6 Pin=R13-2
Removed Pin From Net: NetName=I2C_SCL Pin=R14-1
Removed Pin From Net: NetName=3.3VDC Pin=R14-2
Removed Pin From Net: NetName=I2C_SDA Pin=R15-1
Removed Pin From Net: NetName=3.3VDC Pin=R15-2
Removed Pin From Net: NetName=EN Pin=R16-1
Removed Pin From Net: NetName=3.3VDC Pin=R16-2
Removed Pin From Net: NetName=BOOT Pin=R17-1
Removed Pin From Net: NetName=3.3VDC Pin=R17-2
Removed Pin From Net: NetName=GPIO2 Pin=R18-2
Removed Pin From Net: NetName=NetLED1_2 Pin=R19-2
Removed Pin From Net: NetName=3.3VDC Pin=R25-1
Removed Pin From Net: NetName=PMS_Reset Pin=R25-2
Removed Pin From Net: NetName=GPIO33 Pin=R26-1
Removed Pin From Net: NetName=5VDC Pin=R26-2
Removed Pin From Net: NetName=NetIC2_4 Pin=R27-1
Removed Pin From Net: NetName=4.2V Pin=R27-2
Removed Pin From Net: NetName=NetR28_2 Pin=R28-2
Removed Pin From Net: NetName=GND Pin=R30-1
Removed Pin From Net: NetName=NetLED4_2 Pin=R30-2
Removed Pin From Net: NetName=NetC34_2 Pin=R33-1
Removed Pin From Net: NetName=4.2V Pin=R33-2
Removed Pin From Net: NetName=GND Pin=R35-1
Removed Pin From Net: NetName=NetIC8_2 Pin=R35-2
Removed Pin From Net: NetName=NetIC9_7 Pin=R36-1
Removed Pin From Net: NetName=NetLED5_2 Pin=R36-2
Removed Pin From Net: NetName=NetIC9_6 Pin=R37-1
Removed Pin From Net: NetName=NetLED6_2 Pin=R37-2
Removed Pin From Net: NetName=GND Pin=R38-1
Removed Pin From Net: NetName=NetIC9_2 Pin=R38-2
Removed Pin From Net: NetName=GPIO32 Pin=R39-1
Removed Pin From Net: NetName=4.2V Pin=R39-2
Removed Pin From Net: NetName=3.3VDC Pin=R40-1
Removed Pin From Net: NetName=PMS_Set Pin=R40-2
Removed Pin From Net: NetName=3.3VDC Pin=R41-1
Removed Pin From Net: NetName=DATA_DHT22 Pin=R41-2
Removed Pin From Net: NetName=GND Pin=R42-1
Removed Pin From Net: NetName=GPIO33 Pin=R42-2
Removed Pin From Net: NetName=GND Pin=R43-1
Removed Pin From Net: NetName=GPIO32 Pin=R43-2
Removed Pin From Net: NetName=NetR28_2 Pin=VR2-1
Removed Member From Class: ClassName=U_Sensor Member=C14
Removed Member From Class: ClassName=U_Sensor Member=C15
Removed Member From Class: ClassName=U_Sensor Member=C16
Removed Member From Class: ClassName=U_Power Member=C27
Removed Member From Class: ClassName=U_Power Member=C28
Removed Member From Class: ClassName=U_Power Member=C29
Removed Member From Class: ClassName=U_Power Member=C30
Removed Member From Class: ClassName=U_Power Member=C31
Removed Member From Class: ClassName=U_Power Member=C32
Removed Member From Class: ClassName=U_Power Member=C33
Removed Member From Class: ClassName=U_Power Member=C34
Removed Member From Class: ClassName=U_Power Member=C35
Removed Member From Class: ClassName=U_Power Member=C36
Removed Member From Class: ClassName=U_Power Member=C37
Removed Member From Class: ClassName=U_Sensor Member=C38
Removed Member From Class: ClassName=U_Sensor Member=C39
Removed Member From Class: ClassName=U_Power Member=LED5
Removed Member From Class: ClassName=U_Power Member=LED6
Removed Member From Class: ClassName=U_Power Member=R9
Removed Member From Class: ClassName=U_Power Member=R10
Removed Member From Class: ClassName=U_Sensor Member=R25
Removed Member From Class: ClassName=MCU Member=R26
Removed Member From Class: ClassName=U_Power Member=R33
Removed Member From Class: ClassName=U_Power Member=R35
Removed Member From Class: ClassName=U_Power Member=R36
Removed Member From Class: ClassName=U_Power Member=R37
Removed Member From Class: ClassName=U_Power Member=R38
Removed Member From Class: ClassName=MCU Member=R39
Removed Member From Class: ClassName=U_Sensor Member=R40
Removed Member From Class: ClassName=U_Sensor Member=R41
Removed Member From Class: ClassName=MCU Member=R42
Removed Member From Class: ClassName=MCU Member=R43
Change Component Footprint: Designator=LED1 Old Footprint=SM-LED-0805-Blue New Footprint=LED-0603-BLUE
Change Component Footprint: Designator=LED4 Old Footprint=SM-LED-0805-Red New Footprint=LED-0603-BLUE
Change Component Footprint: Designator=R1 Old Footprint=tro smd 0805 New Footprint=tro smd 0603
Change Component Footprint: Designator=R2 Old Footprint=tro smd 0805 New Footprint=tro smd 0603
Change Component Footprint: Designator=R3 Old Footprint=tro smd 0805 New Footprint=tro smd 0603
Change Component Footprint: Designator=R4 Old Footprint=tro smd 0805 New Footprint=tro smd 0603
Change Component Footprint: Designator=R5 Old Footprint=tro smd 0805 New Footprint=tro smd 0603
Change Component Footprint: Designator=R6 Old Footprint=tro smd 0805 New Footprint=tro smd 0603
Change Component Footprint: Designator=R7 Old Footprint=tro smd 0805 New Footprint=tro smd 0603
Change Component Footprint: Designator=R8 Old Footprint=tro smd 0805 New Footprint=tro smd 0603
Change Component Footprint: Designator=R9 Old Footprint=tro smd 0805 New Footprint=tro smd 0603
Change Component Footprint: Designator=R10 Old Footprint=tro smd 0805 New Footprint=tro smd 0603
Change Component Footprint: Designator=R11 Old Footprint=tro smd 0805 New Footprint=tro smd 0603
Change Component Footprint: Designator=R12 Old Footprint=tro smd 0805 New Footprint=tro smd 0603
Change Component Footprint: Designator=R13 Old Footprint=tro smd 0805 New Footprint=tro smd 0603
Change Component Footprint: Designator=R14 Old Footprint=tro smd 0805 New Footprint=tro smd 0603
Change Component Footprint: Designator=R15 Old Footprint=tro smd 0805 New Footprint=tro smd 0603
Change Component Footprint: Designator=R16 Old Footprint=tro smd 0805 New Footprint=tro smd 0603
Change Component Footprint: Designator=R17 Old Footprint=tro smd 0805 New Footprint=tro smd 0603
Change Component Footprint: Designator=R18 Old Footprint=tro smd 0805 New Footprint=tro smd 0603
Change Component Footprint: Designator=R19 Old Footprint=tro smd 0805 New Footprint=tro smd 0603
Change Component Footprint: Designator=R25 Old Footprint=tro smd 0805 New Footprint=tro smd 0603
Change Component Footprint: Designator=R26 Old Footprint=tro smd 0805 New Footprint=tro smd 0603
Change Component Footprint: Designator=R27 Old Footprint=tro smd 0805 New Footprint=tro smd 0603
Change Component Footprint: Designator=R28 Old Footprint=tro smd 0805 New Footprint=tro smd 0603
Change Component Footprint: Designator=R30 Old Footprint=tro smd 0805 New Footprint=tro smd 0603
Change Component Footprint: Designator=R33 Old Footprint=tro smd 0805 New Footprint=tro smd 0603
Change Component Footprint: Designator=R35 Old Footprint=tro smd 0805 New Footprint=tro smd 0603
Change Component Footprint: Designator=C1 Old Footprint=Tu 0805 New Footprint=tu 0603
Change Component Footprint: Designator=C2 Old Footprint=tu 0805 New Footprint=tu 0603
Change Component Footprint: Designator=C3 Old Footprint=tu 0805 New Footprint=tu 0603
Change Component Footprint: Designator=C4 Old Footprint=Tu 0805 New Footprint=tu 0603
Change Component Footprint: Designator=C5 Old Footprint=tu 0805 New Footprint=tu 0603
Change Component Footprint: Designator=C6 Old Footprint=Tu 0805 New Footprint=tu 0603
Change Component Footprint: Designator=C7 Old Footprint=tu 0805 New Footprint=tu 0603
Change Component Footprint: Designator=C14 Old Footprint=tu 0805 New Footprint=tu 0603
Change Component Footprint: Designator=C15 Old Footprint=Tu 0805 New Footprint=tu 0603
Change Component Footprint: Designator=C16 Old Footprint=Tu 0805 New Footprint=tu 0603
Change Component Comment : Designator=R26 Old Comment=1.8k New Comment=2.2k
Change Component Comment : Designator=R35 Old Comment=1k New Comment=10k
Change Component Comment : Designator=R28 Old Comment=2.2k New Comment=1k
Change Component Comment : Designator=R14 Old Comment=4.7k New Comment=1.8k
Change Component Comment : Designator=R15 Old Comment=4.7k New Comment=910R
Change Component Comment : Designator=R17 Old Comment=10k New Comment=3.3k
Change Component Comment : Designator=R18 Old Comment=10k New Comment=3.3k
Change Component Comment : Designator=R10 Old Comment=10k New Comment=47R
Change Component Comment : Designator=R25 Old Comment=10k New Comment=100R
Change Component Comment : Designator=R27 Old Comment=10k New Comment=100R
Change Component Comment : Designator=R12 Old Comment=47R New Comment=10k
Change Component Comment : Designator=R11 Old Comment=47R New Comment=100k
Change Component Comment : Designator=R13 Old Comment=100k New Comment=10k
Change Component Comment : Designator=R30 Old Comment=100R New Comment=1k
Change Component Comment : Designator=R33 Old Comment=100R New Comment=10k
Change Component Comment : Designator=R9 Old Comment=100R New Comment=47R
Change Component Comment : Designator=C2 Old Comment=104 New Comment=106
Change Component Comment : Designator=C5 Old Comment=104 New Comment=106
Change Component Comment : Designator=C14 Old Comment=104 New Comment=106
Change Component Comment : Designator=C4 Old Comment=106 New Comment=104
Change Component Comment : Designator=C6 Old Comment=106 New Comment=104
Change Component Comment : Designator=C15 Old Comment=106 New Comment=104
Change Component Comment : Designator=LED1 Old Comment=LED SMD New Comment=LED SMD 0603
Change Component Comment : Designator=LED4 Old Comment=LED SMD New Comment=LED SMD 0603
Change component parameters: Designator = "BT1"; Footprint = "Nut Nhan 2 Chan SMD 3x6x2.5"; UniqueID = "\RPGDKBYL"
Change component parameters. Clean all parameters for all variants
Change component parameters (AddParameter): Name = "Ma_Hang"; Value = "MH001036"; VariantName = "[No Variations]"
Change component parameters (AddParameter): Name = "Ten"; Value = "Nút Nh?n 2 Chân 3x6x2.5MM SMD"; VariantName = "[No Variations]"
Change component parameters: Designator = "R34"; Footprint = "tro smd 0805"; UniqueID = "\PXMHQDPJ\TEJQNWJE"
Change component parameters. Clean all parameters for all variants
Change component parameters (AddParameter): Name = "Chung_Loai"; Value = "Dán"; VariantName = "[No Variations]"
Change component parameters (AddParameter): Name = "Don_Vi"; Value = "Con"; VariantName = "[No Variations]"
Change component parameters (AddParameter): Name = "Kieu_Chan"; Value = ""; VariantName = "[No Variations]"
Change component parameters (AddParameter): Name = "Ma_Hang"; Value = "MH005303"; VariantName = "[No Variations]"
Change component parameters (AddParameter): Name = "So_Chan"; Value = "2"; VariantName = "[No Variations]"
Change component parameters (AddParameter): Name = "Ten_Linh_Kien"; Value = "Tr? 0805 5% 0.5R"; VariantName = "[No Variations]"
Change component parameters: Designator = "H2"; Footprint = "XH2.54M-2"; UniqueID = "\PXMHQDPJ\GNAEVOSN"
Change component parameters. Clean all parameters for all variants
Change component parameters (AddParameter): Name = "Chung_Loai"; Value = "C?m"; VariantName = "[No Variations]"
Change component parameters (AddParameter): Name = "Don_Vi"; Value = "Con"; VariantName = "[No Variations]"
Change component parameters (AddParameter): Name = "Ghi_Chu"; Value = ""; VariantName = "[No Variations]"
Change component parameters (AddParameter): Name = "Kieu_Chan"; Value = ""; VariantName = "[No Variations]"
Change component parameters (AddParameter): Name = "Ma_Hang"; Value = "MH001283"; VariantName = "[No Variations]"
Change component parameters (AddParameter): Name = "Ten_Linh_Kien"; Value = "Header 2P XH2.54-2P Ð?c Th?ng"; VariantName = "[No Variations]"
Change component parameters: Designator = "JP1"; Footprint = "JP 1x4 CT - OLED"; UniqueID = "\DRBHGYGI"
Change component parameters. Clean all parameters for all variants
Change component parameters (AddParameter): Name = "Chung_Loai"; Value = "C?m"; VariantName = "[No Variations]"
Change component parameters (AddParameter): Name = "Don_Vi"; Value = "Con"; VariantName = "[No Variations]"
Change component parameters (AddParameter): Name = "Ghi_Chu"; Value = ""; VariantName = "[No Variations]"
Change component parameters (AddParameter): Name = "Kieu_Chan"; Value = ""; VariantName = "[No Variations]"
Change component parameters (AddParameter): Name = "Ma_Hang"; Value = "MH004006"; VariantName = "[No Variations]"
Change component parameters (AddParameter): Name = "Ten_Linh_Kien"; Value = "Jump Ðon Cái 2.54MM 1x20P Th?ng"; VariantName = "[No Variations]"
Change component parameters: Designator = "JP2"; Footprint = "JP 1x5 DT"; UniqueID = "\RPFEVBGV"
Change component parameters. Clean all parameters for all variants
Change component parameters (AddParameter): Name = "Chung_Loai"; Value = "C?m"; VariantName = "[No Variations]"
Change component parameters (AddParameter): Name = "Don_Vi"; Value = "Con"; VariantName = "[No Variations]"
Change component parameters (AddParameter): Name = "Ghi_Chu"; Value = ""; VariantName = "[No Variations]"
Change component parameters (AddParameter): Name = "Kieu_Chan"; Value = ""; VariantName = "[No Variations]"
Change component parameters (AddParameter): Name = "Ma_Hang"; Value = "MH000903"; VariantName = "[No Variations]"
Change component parameters (AddParameter): Name = "Ten_Linh_Kien"; Value = "Jump Ðon Ð?c 2.54MM 1x40P Th?ng 11MM"; VariantName = "[No Variations]"
Change component parameters: Designator = "JP3"; Footprint = "JP 1x6 DT"; UniqueID = "\SWKCFKKB"
Change component parameters. Clean all parameters for all variants
Change component parameters (AddParameter): Name = "Chung_Loai"; Value = "C?m"; VariantName = "[No Variations]"
Change component parameters (AddParameter): Name = "Don_Vi"; Value = "Con"; VariantName = "[No Variations]"
Change component parameters (AddParameter): Name = "Ghi_Chu"; Value = ""; VariantName = "[No Variations]"
Change component parameters (AddParameter): Name = "Kieu_Chan"; Value = ""; VariantName = "[No Variations]"
Change component parameters (AddParameter): Name = "Ma_Hang"; Value = "MH000903"; VariantName = "[No Variations]"
Change component parameters (AddParameter): Name = "Ten_Linh_Kien"; Value = "Jump Ðon Ð?c 2.54MM 1x40P Th?ng 11MM"; VariantName = "[No Variations]"
Change component parameters: Designator = "VR2"; Footprint = "Bien Tro Tam Giac Dung"; UniqueID = "\PXMHQDPJ\MAUHOGMB"
Change component parameters. Clean all parameters for all variants
Change component parameters (AddParameter): Name = "Chung_Loai"; Value = "C?m"; VariantName = "[No Variations]"
Change component parameters (AddParameter): Name = "Don_Vi"; Value = "Con"; VariantName = "[No Variations]"
Change component parameters (AddParameter): Name = "Ghi_Chu"; Value = ""; VariantName = "[No Variations]"
Change component parameters (AddParameter): Name = "Kieu_Chan"; Value = ""; VariantName = "[No Variations]"
Change component parameters (AddParameter): Name = "Ma_Hang"; Value = "MH003711"; VariantName = "[No Variations]"
Change component parameters (AddParameter): Name = "Ten_Linh_Kien"; Value = "Bi?n Tr? Tam Giác 104-100K RM065"; VariantName = "[No Variations]"
Change component parameters: Designator = "C2"; Footprint = "tu 0603"; UniqueID = "\VIEQDRVA"
Change component parameters. Clean all parameters for all variants
Change component parameters (AddParameter): Name = "Chung_Loai"; Value = "Dán"; VariantName = "[No Variations]"
Change component parameters (AddParameter): Name = "Don_Vi"; Value = "Con"; VariantName = "[No Variations]"
Change component parameters (AddParameter): Name = "Kieu_Chan"; Value = ""; VariantName = "[No Variations]"
Change component parameters (AddParameter): Name = "Ma_Hang"; Value = "MH004848"; VariantName = "[No Variations]"
Change component parameters (AddParameter): Name = "So_Chan"; Value = "2"; VariantName = "[No Variations]"
Change component parameters (AddParameter): Name = "Ten_Linh_Kien"; Value = "T? 0603-10uF 20% 16V"; VariantName = "[No Variations]"
Change component parameters: Designator = "C3"; Footprint = "tu 0603"; UniqueID = "\XVJJFNYB"
Change component parameters. Clean all parameters for all variants
Change component parameters (AddParameter): Name = "Chung_Loai"; Value = "Dán"; VariantName = "[No Variations]"
Change component parameters (AddParameter): Name = "Don_Vi"; Value = "Con"; VariantName = "[No Variations]"
Change component parameters (AddParameter): Name = "Kieu_Chan"; Value = ""; VariantName = "[No Variations]"
Change component parameters (AddParameter): Name = "Ma_Hang"; Value = "MH004568"; VariantName = "[No Variations]"
Change component parameters (AddParameter): Name = "So_Chan"; Value = "2"; VariantName = "[No Variations]"
Change component parameters (AddParameter): Name = "Ten_Linh_Kien"; Value = "T? 0603 104-100nF 10% 50V"; VariantName = "[No Variations]"
Change component parameters: Designator = "C4"; Footprint = "tu 0603"; UniqueID = "\TDJWEAAO"
Change component parameters. Clean all parameters for all variants
Change component parameters (AddParameter): Name = "Chung_Loai"; Value = "Dán"; VariantName = "[No Variations]"
Change component parameters (AddParameter): Name = "Don_Vi"; Value = "Con"; VariantName = "[No Variations]"
Change component parameters (AddParameter): Name = "Kieu_Chan"; Value = ""; VariantName = "[No Variations]"
Change component parameters (AddParameter): Name = "Ma_Hang"; Value = "MH004568"; VariantName = "[No Variations]"
Change component parameters (AddParameter): Name = "So_Chan"; Value = "2"; VariantName = "[No Variations]"
Change component parameters (AddParameter): Name = "Ten_Linh_Kien"; Value = "T? 0603 104-100nF 10% 50V"; VariantName = "[No Variations]"
Change component parameters: Designator = "C5"; Footprint = "tu 0603"; UniqueID = "\OMHDIMFA"
Change component parameters. Clean all parameters for all variants
Change component parameters (AddParameter): Name = "Chung_Loai"; Value = "Dán"; VariantName = "[No Variations]"
Change component parameters (AddParameter): Name = "Don_Vi"; Value = "Con"; VariantName = "[No Variations]"
Change component parameters (AddParameter): Name = "Kieu_Chan"; Value = ""; VariantName = "[No Variations]"
Change component parameters (AddParameter): Name = "Ma_Hang"; Value = "MH004848"; VariantName = "[No Variations]"
Change component parameters (AddParameter): Name = "So_Chan"; Value = "2"; VariantName = "[No Variations]"
Change component parameters (AddParameter): Name = "Ten_Linh_Kien"; Value = "T? 0603-10uF 20% 16V"; VariantName = "[No Variations]"
Change component parameters: Designator = "C6"; Footprint = "tu 0603"; UniqueID = "\GMYECCLP"
Change component parameters. Clean all parameters for all variants
Change component parameters (AddParameter): Name = "Chung_Loai"; Value = "Dán"; VariantName = "[No Variations]"
Change component parameters (AddParameter): Name = "Don_Vi"; Value = "Con"; VariantName = "[No Variations]"
Change component parameters (AddParameter): Name = "Kieu_Chan"; Value = ""; VariantName = "[No Variations]"
Change component parameters (AddParameter): Name = "Ma_Hang"; Value = "MH004568"; VariantName = "[No Variations]"
Change component parameters (AddParameter): Name = "So_Chan"; Value = "2"; VariantName = "[No Variations]"
Change component parameters (AddParameter): Name = "Ten_Linh_Kien"; Value = "T? 0603 104-100nF 10% 50V"; VariantName = "[No Variations]"
Change component parameters: Designator = "C7"; Footprint = "tu 0603"; UniqueID = "\PXMHQDPJ\IXGOFYAK"
Change component parameters. Clean all parameters for all variants
Change component parameters (AddParameter): Name = "Chung_Loai"; Value = "Dán"; VariantName = "[No Variations]"
Change component parameters (AddParameter): Name = "Don_Vi"; Value = "Con"; VariantName = "[No Variations]"
Change component parameters (AddParameter): Name = "Kieu_Chan"; Value = ""; VariantName = "[No Variations]"
Change component parameters (AddParameter): Name = "Ma_Hang"; Value = "MH004565"; VariantName = "[No Variations]"
Change component parameters (AddParameter): Name = "So_Chan"; Value = "2"; VariantName = "[No Variations]"
Change component parameters (AddParameter): Name = "Ten_Linh_Kien"; Value = "T? 0603 101-0.1nF 10% 50V"; VariantName = "[No Variations]"
Change component parameters: Designator = "C14"; Footprint = "tu 0603"; UniqueID = "\PXMHQDPJ\MSBHOBGR"
Change component parameters. Clean all parameters for all variants
Change component parameters (AddParameter): Name = "Chung_Loai"; Value = "Dán"; VariantName = "[No Variations]"
Change component parameters (AddParameter): Name = "Don_Vi"; Value = "Con"; VariantName = "[No Variations]"
Change component parameters (AddParameter): Name = "Kieu_Chan"; Value = ""; VariantName = "[No Variations]"
Change component parameters (AddParameter): Name = "Ma_Hang"; Value = "MH004848"; VariantName = "[No Variations]"
Change component parameters (AddParameter): Name = "So_Chan"; Value = "2"; VariantName = "[No Variations]"
Change component parameters (AddParameter): Name = "Ten_Linh_Kien"; Value = "T? 0603-10uF 20% 16V"; VariantName = "[No Variations]"
Change component parameters: Designator = "C15"; Footprint = "tu 0603"; UniqueID = "\PXMHQDPJ\HXLDGMUN"
Change component parameters. Clean all parameters for all variants
Change component parameters (AddParameter): Name = "Chung_Loai"; Value = "Dán"; VariantName = "[No Variations]"
Change component parameters (AddParameter): Name = "Don_Vi"; Value = "Con"; VariantName = "[No Variations]"
Change component parameters (AddParameter): Name = "Kieu_Chan"; Value = ""; VariantName = "[No Variations]"
Change component parameters (AddParameter): Name = "Ma_Hang"; Value = "MH004568"; VariantName = "[No Variations]"
Change component parameters (AddParameter): Name = "So_Chan"; Value = "2"; VariantName = "[No Variations]"
Change component parameters (AddParameter): Name = "Ten_Linh_Kien"; Value = "T? 0603 104-100nF 10% 50V"; VariantName = "[No Variations]"
Change component parameters: Designator = "C16"; Footprint = "tu 0603"; UniqueID = "\PXMHQDPJ\DBRHRSCS"
Change component parameters. Clean all parameters for all variants
Change component parameters (AddParameter): Name = "Chung_Loai"; Value = "Dán"; VariantName = "[No Variations]"
Change component parameters (AddParameter): Name = "Don_Vi"; Value = "Con"; VariantName = "[No Variations]"
Change component parameters (AddParameter): Name = "Kieu_Chan"; Value = ""; VariantName = "[No Variations]"
Change component parameters (AddParameter): Name = "Ma_Hang"; Value = "MH004848"; VariantName = "[No Variations]"
Change component parameters (AddParameter): Name = "So_Chan"; Value = "2"; VariantName = "[No Variations]"
Change component parameters (AddParameter): Name = "Ten_Linh_Kien"; Value = "T? 0603-10uF 20% 16V"; VariantName = "[No Variations]"
Change component parameters: Designator = "R1"; Footprint = "tro smd 0603"; UniqueID = "\LNKSIEJT"
Change component parameters. Clean all parameters for all variants
Change component parameters (AddParameter): Name = "Chung_Loai"; Value = "Dán"; VariantName = "[No Variations]"
Change component parameters (AddParameter): Name = "Don_Vi"; Value = "Con"; VariantName = "[No Variations]"
Change component parameters (AddParameter): Name = "Kieu_Chan"; Value = ""; VariantName = "[No Variations]"
Change component parameters (AddParameter): Name = "Ma_Hang"; Value = "MH006333"; VariantName = "[No Variations]"
Change component parameters (AddParameter): Name = "So_Chan"; Value = "2"; VariantName = "[No Variations]"
Change component parameters (AddParameter): Name = "Ten_Linh_Kien"; Value = "Tr? 0603 1% 10k"; VariantName = "[No Variations]"
Change component parameters: Designator = "R2"; Footprint = "tro smd 0603"; UniqueID = "\LQXVLFAL"
Change component parameters. Clean all parameters for all variants
Change component parameters (AddParameter): Name = "Chung_Loai"; Value = "Dán"; VariantName = "[No Variations]"
Change component parameters (AddParameter): Name = "Don_Vi"; Value = "Con"; VariantName = "[No Variations]"
Change component parameters (AddParameter): Name = "Kieu_Chan"; Value = ""; VariantName = "[No Variations]"
Change component parameters (AddParameter): Name = "Ma_Hang"; Value = "MH006333"; VariantName = "[No Variations]"
Change component parameters (AddParameter): Name = "So_Chan"; Value = "2"; VariantName = "[No Variations]"
Change component parameters (AddParameter): Name = "Ten_Linh_Kien"; Value = "Tr? 0603 1% 10k"; VariantName = "[No Variations]"
Change component parameters: Designator = "R3"; Footprint = "tro smd 0603"; UniqueID = "\FILWTGFT"
Change component parameters. Clean all parameters for all variants
Change component parameters (AddParameter): Name = "Chung_Loai"; Value = "Dán"; VariantName = "[No Variations]"
Change component parameters (AddParameter): Name = "Don_Vi"; Value = "Con"; VariantName = "[No Variations]"
Change component parameters (AddParameter): Name = "Kieu_Chan"; Value = ""; VariantName = "[No Variations]"
Change component parameters (AddParameter): Name = "Ma_Hang"; Value = "MH006333"; VariantName = "[No Variations]"
Change component parameters (AddParameter): Name = "So_Chan"; Value = "2"; VariantName = "[No Variations]"
Change component parameters (AddParameter): Name = "Ten_Linh_Kien"; Value = "Tr? 0603 1% 10k"; VariantName = "[No Variations]"
Change component parameters: Designator = "R4"; Footprint = "tro smd 0603"; UniqueID = "\GBMLLQEL"
Change component parameters. Clean all parameters for all variants
Change component parameters (AddParameter): Name = "Chung_Loai"; Value = "Dán"; VariantName = "[No Variations]"
Change component parameters (AddParameter): Name = "Don_Vi"; Value = "Con"; VariantName = "[No Variations]"
Change component parameters (AddParameter): Name = "Kieu_Chan"; Value = ""; VariantName = "[No Variations]"
Change component parameters (AddParameter): Name = "Ma_Hang"; Value = "MH006333"; VariantName = "[No Variations]"
Change component parameters (AddParameter): Name = "So_Chan"; Value = "2"; VariantName = "[No Variations]"
Change component parameters (AddParameter): Name = "Ten_Linh_Kien"; Value = "Tr? 0603 1% 10k"; VariantName = "[No Variations]"
Change component parameters: Designator = "R5"; Footprint = "tro smd 0603"; UniqueID = "\FBMHICKF"
Change component parameters. Clean all parameters for all variants
Change component parameters (AddParameter): Name = "Chung_Loai"; Value = "Dán"; VariantName = "[No Variations]"
Change component parameters (AddParameter): Name = "Don_Vi"; Value = "Con"; VariantName = "[No Variations]"
Change component parameters (AddParameter): Name = "Kieu_Chan"; Value = ""; VariantName = "[No Variations]"
Change component parameters (AddParameter): Name = "Ma_Hang"; Value = "MH006333"; VariantName = "[No Variations]"
Change component parameters (AddParameter): Name = "So_Chan"; Value = "2"; VariantName = "[No Variations]"
Change component parameters (AddParameter): Name = "Ten_Linh_Kien"; Value = "Tr? 0603 1% 10k"; VariantName = "[No Variations]"
Change component parameters: Designator = "R6"; Footprint = "tro smd 0603"; UniqueID = "\GCPHLMOW"
Change component parameters. Clean all parameters for all variants
Change component parameters (AddParameter): Name = "Chung_Loai"; Value = "Dán"; VariantName = "[No Variations]"
Change component parameters (AddParameter): Name = "Don_Vi"; Value = "Con"; VariantName = "[No Variations]"
Change component parameters (AddParameter): Name = "Kieu_Chan"; Value = ""; VariantName = "[No Variations]"
Change component parameters (AddParameter): Name = "Ma_Hang"; Value = "MH006333"; VariantName = "[No Variations]"
Change component parameters (AddParameter): Name = "So_Chan"; Value = "2"; VariantName = "[No Variations]"
Change component parameters (AddParameter): Name = "Ten_Linh_Kien"; Value = "Tr? 0603 1% 10k"; VariantName = "[No Variations]"
Change component parameters: Designator = "R7"; Footprint = "tro smd 0603"; UniqueID = "\NLXWTMVM"
Change component parameters. Clean all parameters for all variants
Change component parameters (AddParameter): Name = "Chung_Loai"; Value = "Dán"; VariantName = "[No Variations]"
Change component parameters (AddParameter): Name = "Don_Vi"; Value = "Con"; VariantName = "[No Variations]"
Change component parameters (AddParameter): Name = "Kieu_Chan"; Value = ""; VariantName = "[No Variations]"
Change component parameters (AddParameter): Name = "Ma_Hang"; Value = "MH005792"; VariantName = "[No Variations]"
Change component parameters (AddParameter): Name = "So_Chan"; Value = "2"; VariantName = "[No Variations]"
Change component parameters (AddParameter): Name = "Ten_Linh_Kien"; Value = "Tr? 0603 1% 0R"; VariantName = "[No Variations]"
Change component parameters: Designator = "R8"; Footprint = "tro smd 0603"; UniqueID = "\MNVQYDTX"
Change component parameters. Clean all parameters for all variants
Change component parameters (AddParameter): Name = "Chung_Loai"; Value = "Dán"; VariantName = "[No Variations]"
Change component parameters (AddParameter): Name = "Don_Vi"; Value = "Con"; VariantName = "[No Variations]"
Change component parameters (AddParameter): Name = "Kieu_Chan"; Value = ""; VariantName = "[No Variations]"
Change component parameters (AddParameter): Name = "Ma_Hang"; Value = "MH005792"; VariantName = "[No Variations]"
Change component parameters (AddParameter): Name = "So_Chan"; Value = "2"; VariantName = "[No Variations]"
Change component parameters (AddParameter): Name = "Ten_Linh_Kien"; Value = "Tr? 0603 1% 0R"; VariantName = "[No Variations]"
Change component parameters: Designator = "R9"; Footprint = "tro smd 0603"; UniqueID = "\TRFULPTV"
Change component parameters. Clean all parameters for all variants
Change component parameters (AddParameter): Name = "Chung_Loai"; Value = "Dán"; VariantName = "[No Variations]"
Change component parameters (AddParameter): Name = "Don_Vi"; Value = "Con"; VariantName = "[No Variations]"
Change component parameters (AddParameter): Name = "Kieu_Chan"; Value = ""; VariantName = "[No Variations]"
Change component parameters (AddParameter): Name = "Ma_Hang"; Value = "MH005792"; VariantName = "[No Variations]"
Change component parameters (AddParameter): Name = "So_Chan"; Value = "2"; VariantName = "[No Variations]"
Change component parameters (AddParameter): Name = "Ten_Linh_Kien"; Value = "Tr? 0603 1% 0R"; VariantName = "[No Variations]"
Change component parameters: Designator = "R10"; Footprint = "tro smd 0603"; UniqueID = "\YUMFLGFS"
Change component parameters. Clean all parameters for all variants
Change component parameters (AddParameter): Name = "Chung_Loai"; Value = "Dán"; VariantName = "[No Variations]"
Change component parameters (AddParameter): Name = "Don_Vi"; Value = "Con"; VariantName = "[No Variations]"
Change component parameters (AddParameter): Name = "Kieu_Chan"; Value = ""; VariantName = "[No Variations]"
Change component parameters (AddParameter): Name = "Ma_Hang"; Value = "MH005792"; VariantName = "[No Variations]"
Change component parameters (AddParameter): Name = "So_Chan"; Value = "2"; VariantName = "[No Variations]"
Change component parameters (AddParameter): Name = "Ten_Linh_Kien"; Value = "Tr? 0603 1% 0R"; VariantName = "[No Variations]"
Change component parameters: Designator = "R11"; Footprint = "tro smd 0603"; UniqueID = "\UUJNMXII"
Change component parameters. Clean all parameters for all variants
Change component parameters (AddParameter): Name = "Chung_Loai"; Value = "Dán"; VariantName = "[No Variations]"
Change component parameters (AddParameter): Name = "Don_Vi"; Value = "Con"; VariantName = "[No Variations]"
Change component parameters (AddParameter): Name = "Kieu_Chan"; Value = ""; VariantName = "[No Variations]"
Change component parameters (AddParameter): Name = "Ma_Hang"; Value = "MH006314"; VariantName = "[No Variations]"
Change component parameters (AddParameter): Name = "So_Chan"; Value = "2"; VariantName = "[No Variations]"
Change component parameters (AddParameter): Name = "Ten_Linh_Kien"; Value = "Tr? 0603 5% 100k"; VariantName = "[No Variations]"
Change component parameters: Designator = "R12"; Footprint = "tro smd 0603"; UniqueID = "\UPOHOJWB"
Change component parameters. Clean all parameters for all variants
Change component parameters (AddParameter): Name = "Chung_Loai"; Value = "Dán"; VariantName = "[No Variations]"
Change component parameters (AddParameter): Name = "Don_Vi"; Value = "Con"; VariantName = "[No Variations]"
Change component parameters (AddParameter): Name = "Kieu_Chan"; Value = ""; VariantName = "[No Variations]"
Change component parameters (AddParameter): Name = "Ma_Hang"; Value = "MH006333"; VariantName = "[No Variations]"
Change component parameters (AddParameter): Name = "So_Chan"; Value = "2"; VariantName = "[No Variations]"
Change component parameters (AddParameter): Name = "Ten_Linh_Kien"; Value = "Tr? 0603 1% 10k"; VariantName = "[No Variations]"
Change component parameters: Designator = "R13"; Footprint = "tro smd 0603"; UniqueID = "\MSMIFBXU"
Change component parameters. Clean all parameters for all variants
Change component parameters (AddParameter): Name = "Chung_Loai"; Value = "Dán"; VariantName = "[No Variations]"
Change component parameters (AddParameter): Name = "Don_Vi"; Value = "Con"; VariantName = "[No Variations]"
Change component parameters (AddParameter): Name = "Kieu_Chan"; Value = ""; VariantName = "[No Variations]"
Change component parameters (AddParameter): Name = "Ma_Hang"; Value = "MH006333"; VariantName = "[No Variations]"
Change component parameters (AddParameter): Name = "So_Chan"; Value = "2"; VariantName = "[No Variations]"
Change component parameters (AddParameter): Name = "Ten_Linh_Kien"; Value = "Tr? 0603 1% 10k"; VariantName = "[No Variations]"
Change component parameters: Designator = "R14"; Footprint = "tro smd 0603"; UniqueID = "\SOKXQNTC"
Change component parameters. Clean all parameters for all variants
Change component parameters (AddParameter): Name = "Chung_Loai"; Value = "Dán"; VariantName = "[No Variations]"
Change component parameters (AddParameter): Name = "Don_Vi"; Value = "Con"; VariantName = "[No Variations]"
Change component parameters (AddParameter): Name = "Kieu_Chan"; Value = ""; VariantName = "[No Variations]"
Change component parameters (AddParameter): Name = "Ma_Hang"; Value = "MH005792"; VariantName = "[No Variations]"
Change component parameters (AddParameter): Name = "So_Chan"; Value = "2"; VariantName = "[No Variations]"
Change component parameters (AddParameter): Name = "Ten_Linh_Kien"; Value = "Tr? 0603 1% 0R"; VariantName = "[No Variations]"
Change component parameters: Designator = "R15"; Footprint = "tro smd 0603"; UniqueID = "\PIDVYKGN"
Change component parameters. Clean all parameters for all variants
Change component parameters (AddParameter): Name = "Chung_Loai"; Value = "Dán"; VariantName = "[No Variations]"
Change component parameters (AddParameter): Name = "Don_Vi"; Value = "Con"; VariantName = "[No Variations]"
Change component parameters (AddParameter): Name = "Kieu_Chan"; Value = ""; VariantName = "[No Variations]"
Change component parameters (AddParameter): Name = "Ma_Hang"; Value = "MH005792"; VariantName = "[No Variations]"
Change component parameters (AddParameter): Name = "So_Chan"; Value = "2"; VariantName = "[No Variations]"
Change component parameters (AddParameter): Name = "Ten_Linh_Kien"; Value = "Tr? 0603 1% 0R"; VariantName = "[No Variations]"
Change component parameters: Designator = "R16"; Footprint = "tro smd 0603"; UniqueID = "\SDNUELFW"
Change component parameters. Clean all parameters for all variants
Change component parameters (AddParameter): Name = "Chung_Loai"; Value = "Dán"; VariantName = "[No Variations]"
Change component parameters (AddParameter): Name = "Don_Vi"; Value = "Con"; VariantName = "[No Variations]"
Change component parameters (AddParameter): Name = "Kieu_Chan"; Value = ""; VariantName = "[No Variations]"
Change component parameters (AddParameter): Name = "Ma_Hang"; Value = "MH006333"; VariantName = "[No Variations]"
Change component parameters (AddParameter): Name = "So_Chan"; Value = "2"; VariantName = "[No Variations]"
Change component parameters (AddParameter): Name = "Ten_Linh_Kien"; Value = "Tr? 0603 1% 10k"; VariantName = "[No Variations]"
Change component parameters: Designator = "R17"; Footprint = "tro smd 0603"; UniqueID = "\CFURUKVU"
Change component parameters. Clean all parameters for all variants
Change component parameters (AddParameter): Name = "Chung_Loai"; Value = "Dán"; VariantName = "[No Variations]"
Change component parameters (AddParameter): Name = "Don_Vi"; Value = "Con"; VariantName = "[No Variations]"
Change component parameters (AddParameter): Name = "Kieu_Chan"; Value = ""; VariantName = "[No Variations]"
Change component parameters (AddParameter): Name = "Ma_Hang"; Value = "MH006332"; VariantName = "[No Variations]"
Change component parameters (AddParameter): Name = "So_Chan"; Value = "2"; VariantName = "[No Variations]"
Change component parameters (AddParameter): Name = "Ten_Linh_Kien"; Value = "Tr? 0603 5% 3.3k"; VariantName = "[No Variations]"
Change component parameters: Designator = "R18"; Footprint = "tro smd 0603"; UniqueID = "\YNAVFPVN"
Change component parameters. Clean all parameters for all variants
Change component parameters (AddParameter): Name = "Chung_Loai"; Value = "Dán"; VariantName = "[No Variations]"
Change component parameters (AddParameter): Name = "Don_Vi"; Value = "Con"; VariantName = "[No Variations]"
Change component parameters (AddParameter): Name = "Kieu_Chan"; Value = ""; VariantName = "[No Variations]"
Change component parameters (AddParameter): Name = "Ma_Hang"; Value = "MH006332"; VariantName = "[No Variations]"
Change component parameters (AddParameter): Name = "So_Chan"; Value = "2"; VariantName = "[No Variations]"
Change component parameters (AddParameter): Name = "Ten_Linh_Kien"; Value = "Tr? 0603 5% 3.3k"; VariantName = "[No Variations]"
Change component parameters: Designator = "R19"; Footprint = "tro smd 0603"; UniqueID = "\CHTPTSEO"
Change component parameters. Clean all parameters for all variants
Change component parameters (AddParameter): Name = "Chung_Loai"; Value = "Dán"; VariantName = "[No Variations]"
Change component parameters (AddParameter): Name = "Don_Vi"; Value = "Con"; VariantName = "[No Variations]"
Change component parameters (AddParameter): Name = "Kieu_Chan"; Value = ""; VariantName = "[No Variations]"
Change component parameters (AddParameter): Name = "Ma_Hang"; Value = "MH006319"; VariantName = "[No Variations]"
Change component parameters (AddParameter): Name = "So_Chan"; Value = "2"; VariantName = "[No Variations]"
Change component parameters (AddParameter): Name = "Ten_Linh_Kien"; Value = "Tr? 0603 5% 1k"; VariantName = "[No Variations]"
Change component parameters: Designator = "R25"; Footprint = "tro smd 0603"; UniqueID = "\PXMHQDPJ\BGBGMVQY"
Change component parameters. Clean all parameters for all variants
Change component parameters (AddParameter): Name = "Chung_Loai"; Value = "Dán"; VariantName = "[No Variations]"
Change component parameters (AddParameter): Name = "Don_Vi"; Value = "Con"; VariantName = "[No Variations]"
Change component parameters (AddParameter): Name = "Kieu_Chan"; Value = ""; VariantName = "[No Variations]"
Change component parameters (AddParameter): Name = "Ma_Hang"; Value = "MH006315"; VariantName = "[No Variations]"
Change component parameters (AddParameter): Name = "So_Chan"; Value = "2"; VariantName = "[No Variations]"
Change component parameters (AddParameter): Name = "Ten_Linh_Kien"; Value = "Tr? 0603 5% 100R"; VariantName = "[No Variations]"
Change component parameters: Designator = "R26"; Footprint = "tro smd 0603"; UniqueID = "\PXMHQDPJ\DYLRYEPG"
Change component parameters. Clean all parameters for all variants
Change component parameters (AddParameter): Name = "Chung_Loai"; Value = "Dán"; VariantName = "[No Variations]"
Change component parameters (AddParameter): Name = "Don_Vi"; Value = "Con"; VariantName = "[No Variations]"
Change component parameters (AddParameter): Name = "Kieu_Chan"; Value = ""; VariantName = "[No Variations]"
Change component parameters (AddParameter): Name = "Ma_Hang"; Value = "MH006321"; VariantName = "[No Variations]"
Change component parameters (AddParameter): Name = "So_Chan"; Value = "2"; VariantName = "[No Variations]"
Change component parameters (AddParameter): Name = "Ten_Linh_Kien"; Value = "Tr? 0603 5% 2.2k"; VariantName = "[No Variations]"
Change component parameters: Designator = "R27"; Footprint = "tro smd 0603"; UniqueID = "\PXMHQDPJ\TXUNSEAF"
Change component parameters. Clean all parameters for all variants
Change component parameters (AddParameter): Name = "Chung_Loai"; Value = "Dán"; VariantName = "[No Variations]"
Change component parameters (AddParameter): Name = "Don_Vi"; Value = "Con"; VariantName = "[No Variations]"
Change component parameters (AddParameter): Name = "Kieu_Chan"; Value = ""; VariantName = "[No Variations]"
Change component parameters (AddParameter): Name = "Ma_Hang"; Value = "MH006315"; VariantName = "[No Variations]"
Change component parameters (AddParameter): Name = "So_Chan"; Value = "2"; VariantName = "[No Variations]"
Change component parameters (AddParameter): Name = "Ten_Linh_Kien"; Value = "Tr? 0603 5% 100R"; VariantName = "[No Variations]"
Change component parameters: Designator = "R28"; Footprint = "tro smd 0603"; UniqueID = "\PXMHQDPJ\WJEHSDQY"
Change component parameters. Clean all parameters for all variants
Change component parameters (AddParameter): Name = "Chung_Loai"; Value = "Dán"; VariantName = "[No Variations]"
Change component parameters (AddParameter): Name = "Don_Vi"; Value = "Con"; VariantName = "[No Variations]"
Change component parameters (AddParameter): Name = "Kieu_Chan"; Value = ""; VariantName = "[No Variations]"
Change component parameters (AddParameter): Name = "Ma_Hang"; Value = "MH006319"; VariantName = "[No Variations]"
Change component parameters (AddParameter): Name = "So_Chan"; Value = "2"; VariantName = "[No Variations]"
Change component parameters (AddParameter): Name = "Ten_Linh_Kien"; Value = "Tr? 0603 5% 1k"; VariantName = "[No Variations]"
Change component parameters: Designator = "R30"; Footprint = "tro smd 0603"; UniqueID = "\PXMHQDPJ\SGNSDUBP"
Change component parameters. Clean all parameters for all variants
Change component parameters (AddParameter): Name = "Chung_Loai"; Value = "Dán"; VariantName = "[No Variations]"
Change component parameters (AddParameter): Name = "Don_Vi"; Value = "Con"; VariantName = "[No Variations]"
Change component parameters (AddParameter): Name = "Kieu_Chan"; Value = ""; VariantName = "[No Variations]"
Change component parameters (AddParameter): Name = "Ma_Hang"; Value = "MH006319"; VariantName = "[No Variations]"
Change component parameters (AddParameter): Name = "So_Chan"; Value = "2"; VariantName = "[No Variations]"
Change component parameters (AddParameter): Name = "Ten_Linh_Kien"; Value = "Tr? 0603 5% 1k"; VariantName = "[No Variations]"
Change component parameters: Designator = "R33"; Footprint = "tro smd 0603"; UniqueID = "\UQSJVUPP\FDYWKUOQ"
Change component parameters. Clean all parameters for all variants
Change component parameters (AddParameter): Name = "Chung_Loai"; Value = "Dán"; VariantName = "[No Variations]"
Change component parameters (AddParameter): Name = "Don_Vi"; Value = "Con"; VariantName = "[No Variations]"
Change component parameters (AddParameter): Name = "Kieu_Chan"; Value = ""; VariantName = "[No Variations]"
Change component parameters (AddParameter): Name = "Ma_Hang"; Value = "MH006333"; VariantName = "[No Variations]"
Change component parameters (AddParameter): Name = "So_Chan"; Value = "2"; VariantName = "[No Variations]"
Change component parameters (AddParameter): Name = "Ten_Linh_Kien"; Value = "Tr? 0603 1% 10k"; VariantName = "[No Variations]"
Change component parameters: Designator = "R35"; Footprint = "tro smd 0603"; UniqueID = "\UQSJVUPP\BHTWINIY"
Change component parameters. Clean all parameters for all variants
Change component parameters (AddParameter): Name = "Chung_Loai"; Value = "Dán"; VariantName = "[No Variations]"
Change component parameters (AddParameter): Name = "Don_Vi"; Value = "Con"; VariantName = "[No Variations]"
Change component parameters (AddParameter): Name = "Kieu_Chan"; Value = ""; VariantName = "[No Variations]"
Change component parameters (AddParameter): Name = "Ma_Hang"; Value = "MH006333"; VariantName = "[No Variations]"
Change component parameters (AddParameter): Name = "So_Chan"; Value = "2"; VariantName = "[No Variations]"
Change component parameters (AddParameter): Name = "Ten_Linh_Kien"; Value = "Tr? 0603 1% 10k"; VariantName = "[No Variations]"
Change component parameters: Designator = "C1"; Footprint = "tu 0603"; UniqueID = "\DGLYKNGM"
Change component parameters. Clean all parameters for all variants
Change component parameters (AddParameter): Name = "Chung_Loai"; Value = "Dán"; VariantName = "[No Variations]"
Change component parameters (AddParameter): Name = "Don_Vi"; Value = "Con"; VariantName = "[No Variations]"
Change component parameters (AddParameter): Name = "Kieu_Chan"; Value = ""; VariantName = "[No Variations]"
Change component parameters (AddParameter): Name = "Ma_Hang"; Value = "MH004568"; VariantName = "[No Variations]"
Change component parameters (AddParameter): Name = "So_Chan"; Value = "2"; VariantName = "[No Variations]"
Change component parameters (AddParameter): Name = "Ten_Linh_Kien"; Value = "T? 0603 104-100nF 10% 50V"; VariantName = "[No Variations]"
Change component parameters: Designator = "LED1"; Footprint = "LED-0603-BLUE"; UniqueID = "\HXBQTITV"
Change component parameters. Clean all parameters for all variants
Change component parameters (AddParameter): Name = "Color"; Value = "Green"; VariantName = "[No Variations]"
Change component parameters (AddParameter): Name = "ComponentLink1Description"; Value = "http://www.mouser.com/ds/2/216/APT1608ZGCK-262051.pdf"; VariantName = "[No Variations]"
Change component parameters (AddParameter): Name = "ComponentLink1URL"; Value = "http://www.mouser.com/ds/2/216/APT1608ZGCK-262051.pdf"; VariantName = "[No Variations]"
Change component parameters (AddParameter): Name = "ComponentLink2Description"; Value = "APT1608-WAP24 Datasheet"; VariantName = "[No Variations]"
Change component parameters (AddParameter): Name = "ComponentLink2URL"; Value = "\\SVFI2\PBLShare\Eng\Electrical Engineering\Hardware\Altium\Libraries and Templates\Unreleased Components\Part Number Request 2013-10-02\APT1608-WAP24(Ver.1B).pdf"; VariantName = "[No Variations]"
Change component parameters (AddParameter): Name = "Current - Test"; Value = "20mA"; VariantName = "[No Variations]"
Change component parameters (AddParameter): Name = "Lens Style/Size"; Value = "Rectangle with Flat Top, 1.2mm x 0.8mm"; VariantName = "[No Variations]"
Change component parameters (AddParameter): Name = "Manufacturer 1"; Value = "Kingbright"; VariantName = "[No Variations]"
Change component parameters (AddParameter): Name = "Manufacturer 2"; Value = "Kingbright Company LLC"; VariantName = "[No Variations]"
Change component parameters (AddParameter): Name = "Manufacturer Part Number 1"; Value = "APT1608ZGCK"; VariantName = "[No Variations]"
Change component parameters (AddParameter): Name = "Manufacturer Part Number 2"; Value = "APT1608-WAP24"; VariantName = "[No Variations]"
Change component parameters (AddParameter): Name = "Material"; Value = "InGaN"; VariantName = "[No Variations]"
Change component parameters (AddParameter): Name = "Package / Case"; Value = "0603 (1608 metric)"; VariantName = "[No Variations]"
Change component parameters (AddParameter): Name = "Ratings"; Value = "200mcd min; 350 mcd typ @ 20mA"; VariantName = "[No Variations]"
Change component parameters (AddParameter): Name = "SCDType"; Value = "source"; VariantName = "[No Variations]"
Change component parameters (AddParameter): Name = "Supplier 1"; Value = "Mouser"; VariantName = "[No Variations]"
Change component parameters (AddParameter): Name = "Supplier Part Number 1"; Value = "604-APT1608ZGCK"; VariantName = "[No Variations]"
Change component parameters (AddParameter): Name = "Viewing Angle"; Value = "120°"; VariantName = "[No Variations]"
Change component parameters (AddParameter): Name = "Voltage - Forward (Vf) @ 10mA"; Value = "3.1V"; VariantName = "[No Variations]"
Change component parameters (AddParameter): Name = "Voltage - Forward (Vf) @ 20mA"; Value = "3.3V"; VariantName = "[No Variations]"
Change component parameters: Designator = "LED4"; Footprint = "LED-0603-BLUE"; UniqueID = "\PXMHQDPJ\WEBDDKPJ"
Change component parameters. Clean all parameters for all variants
Change component parameters (AddParameter): Name = "Color"; Value = "Green"; VariantName = "[No Variations]"
Change component parameters (AddParameter): Name = "ComponentLink1Description"; Value = "http://www.mouser.com/ds/2/216/APT1608ZGCK-262051.pdf"; VariantName = "[No Variations]"
Change component parameters (AddParameter): Name = "ComponentLink1URL"; Value = "http://www.mouser.com/ds/2/216/APT1608ZGCK-262051.pdf"; VariantName = "[No Variations]"
Change component parameters (AddParameter): Name = "ComponentLink2Description"; Value = "APT1608-WAP24 Datasheet"; VariantName = "[No Variations]"
Change component parameters (AddParameter): Name = "ComponentLink2URL"; Value = "\\SVFI2\PBLShare\Eng\Electrical Engineering\Hardware\Altium\Libraries and Templates\Unreleased Components\Part Number Request 2013-10-02\APT1608-WAP24(Ver.1B).pdf"; VariantName = "[No Variations]"
Change component parameters (AddParameter): Name = "Current - Test"; Value = "20mA"; VariantName = "[No Variations]"
Change component parameters (AddParameter): Name = "Lens Style/Size"; Value = "Rectangle with Flat Top, 1.2mm x 0.8mm"; VariantName = "[No Variations]"
Change component parameters (AddParameter): Name = "Manufacturer 1"; Value = "Kingbright"; VariantName = "[No Variations]"
Change component parameters (AddParameter): Name = "Manufacturer 2"; Value = "Kingbright Company LLC"; VariantName = "[No Variations]"
Change component parameters (AddParameter): Name = "Manufacturer Part Number 1"; Value = "APT1608ZGCK"; VariantName = "[No Variations]"
Change component parameters (AddParameter): Name = "Manufacturer Part Number 2"; Value = "APT1608-WAP24"; VariantName = "[No Variations]"
Change component parameters (AddParameter): Name = "Material"; Value = "InGaN"; VariantName = "[No Variations]"
Change component parameters (AddParameter): Name = "Package / Case"; Value = "0603 (1608 metric)"; VariantName = "[No Variations]"
Change component parameters (AddParameter): Name = "Ratings"; Value = "200mcd min; 350 mcd typ @ 20mA"; VariantName = "[No Variations]"
Change component parameters (AddParameter): Name = "SCDType"; Value = "source"; VariantName = "[No Variations]"
Change component parameters (AddParameter): Name = "Supplier 1"; Value = "Mouser"; VariantName = "[No Variations]"
Change component parameters (AddParameter): Name = "Supplier Part Number 1"; Value = "604-APT1608ZGCK"; VariantName = "[No Variations]"
Change component parameters (AddParameter): Name = "Viewing Angle"; Value = "120°"; VariantName = "[No Variations]"
Change component parameters (AddParameter): Name = "Voltage - Forward (Vf) @ 10mA"; Value = "3.1V"; VariantName = "[No Variations]"
Change component parameters (AddParameter): Name = "Voltage - Forward (Vf) @ 20mA"; Value = "3.3V"; VariantName = "[No Variations]"
Added Component: Designator=C8(tu 0603)
Add component. Clean all parameters for all variants
Add component (AddParameter): Name = "Chung_Loai"; Value = "Dán"; VariantName = "[No Variations]"
Add component (AddParameter): Name = "Don_Vi"; Value = "Con"; VariantName = "[No Variations]"
Add component (AddParameter): Name = "Kieu_Chan"; Value = ""; VariantName = "[No Variations]"
Add component (AddParameter): Name = "Ma_Hang"; Value = "MH004848"; VariantName = "[No Variations]"
Add component (AddParameter): Name = "So_Chan"; Value = "2"; VariantName = "[No Variations]"
Add component (AddParameter): Name = "Ten_Linh_Kien"; Value = "T? 0603-10uF 20% 16V"; VariantName = "[No Variations]"
Added Component: Designator=C9(tu 0603)
Add component. Clean all parameters for all variants
Add component (AddParameter): Name = "Chung_Loai"; Value = "Dán"; VariantName = "[No Variations]"
Add component (AddParameter): Name = "Don_Vi"; Value = "Con"; VariantName = "[No Variations]"
Add component (AddParameter): Name = "Kieu_Chan"; Value = ""; VariantName = "[No Variations]"
Add component (AddParameter): Name = "Ma_Hang"; Value = "MH004565"; VariantName = "[No Variations]"
Add component (AddParameter): Name = "So_Chan"; Value = "2"; VariantName = "[No Variations]"
Add component (AddParameter): Name = "Ten_Linh_Kien"; Value = "T? 0603 101-0.1nF 10% 50V"; VariantName = "[No Variations]"
Added Component: Designator=C10(tu 0603)
Add component. Clean all parameters for all variants
Add component (AddParameter): Name = "Chung_Loai"; Value = "Dán"; VariantName = "[No Variations]"
Add component (AddParameter): Name = "Don_Vi"; Value = "Con"; VariantName = "[No Variations]"
Add component (AddParameter): Name = "Kieu_Chan"; Value = ""; VariantName = "[No Variations]"
Add component (AddParameter): Name = "Ma_Hang"; Value = "MH004565"; VariantName = "[No Variations]"
Add component (AddParameter): Name = "So_Chan"; Value = "2"; VariantName = "[No Variations]"
Add component (AddParameter): Name = "Ten_Linh_Kien"; Value = "T? 0603 101-0.1nF 10% 50V"; VariantName = "[No Variations]"
Added Component: Designator=C11(tu 0603)
Add component. Clean all parameters for all variants
Add component (AddParameter): Name = "Chung_Loai"; Value = "Dán"; VariantName = "[No Variations]"
Add component (AddParameter): Name = "Don_Vi"; Value = "Con"; VariantName = "[No Variations]"
Add component (AddParameter): Name = "Kieu_Chan"; Value = ""; VariantName = "[No Variations]"
Add component (AddParameter): Name = "Ma_Hang"; Value = "MH004848"; VariantName = "[No Variations]"
Add component (AddParameter): Name = "So_Chan"; Value = "2"; VariantName = "[No Variations]"
Add component (AddParameter): Name = "Ten_Linh_Kien"; Value = "T? 0603-10uF 20% 16V"; VariantName = "[No Variations]"
Added Component: Designator=C12(tu 0603)
Add component. Clean all parameters for all variants
Add component (AddParameter): Name = "Chung_Loai"; Value = "Dán"; VariantName = "[No Variations]"
Add component (AddParameter): Name = "Don_Vi"; Value = "Con"; VariantName = "[No Variations]"
Add component (AddParameter): Name = "Kieu_Chan"; Value = ""; VariantName = "[No Variations]"
Add component (AddParameter): Name = "Ma_Hang"; Value = "MH004568"; VariantName = "[No Variations]"
Add component (AddParameter): Name = "So_Chan"; Value = "2"; VariantName = "[No Variations]"
Add component (AddParameter): Name = "Ten_Linh_Kien"; Value = "T? 0603 104-100nF 10% 50V"; VariantName = "[No Variations]"
Added Component: Designator=C13(tu 0603)
Add component. Clean all parameters for all variants
Add component (AddParameter): Name = "Chung_Loai"; Value = "Dán"; VariantName = "[No Variations]"
Add component (AddParameter): Name = "Don_Vi"; Value = "Con"; VariantName = "[No Variations]"
Add component (AddParameter): Name = "Kieu_Chan"; Value = ""; VariantName = "[No Variations]"
Add component (AddParameter): Name = "Ma_Hang"; Value = "MH004848"; VariantName = "[No Variations]"
Add component (AddParameter): Name = "So_Chan"; Value = "2"; VariantName = "[No Variations]"
Add component (AddParameter): Name = "Ten_Linh_Kien"; Value = "T? 0603-10uF 20% 16V"; VariantName = "[No Variations]"
Added Component: Designator=C17(tu 0603)
Add component. Clean all parameters for all variants
Add component (AddParameter): Name = "Chung_Loai"; Value = "Dán"; VariantName = "[No Variations]"
Add component (AddParameter): Name = "Don_Vi"; Value = "Con"; VariantName = "[No Variations]"
Add component (AddParameter): Name = "Kieu_Chan"; Value = ""; VariantName = "[No Variations]"
Add component (AddParameter): Name = "Ma_Hang"; Value = "MH004848"; VariantName = "[No Variations]"
Add component (AddParameter): Name = "So_Chan"; Value = "2"; VariantName = "[No Variations]"
Add component (AddParameter): Name = "Ten_Linh_Kien"; Value = "T? 0603-10uF 20% 16V"; VariantName = "[No Variations]"
Added Component: Designator=C18(tu 0603)
Add component. Clean all parameters for all variants
Add component (AddParameter): Name = "Chung_Loai"; Value = "Dán"; VariantName = "[No Variations]"
Add component (AddParameter): Name = "Don_Vi"; Value = "Con"; VariantName = "[No Variations]"
Add component (AddParameter): Name = "Kieu_Chan"; Value = ""; VariantName = "[No Variations]"
Add component (AddParameter): Name = "Ma_Hang"; Value = "MH004848"; VariantName = "[No Variations]"
Add component (AddParameter): Name = "So_Chan"; Value = "2"; VariantName = "[No Variations]"
Add component (AddParameter): Name = "Ten_Linh_Kien"; Value = "T? 0603-10uF 20% 16V"; VariantName = "[No Variations]"
Added Component: Designator=C19(tu 0603)
Add component. Clean all parameters for all variants
Add component (AddParameter): Name = "Chung_Loai"; Value = "Dán"; VariantName = "[No Variations]"
Add component (AddParameter): Name = "Don_Vi"; Value = "Con"; VariantName = "[No Variations]"
Add component (AddParameter): Name = "Kieu_Chan"; Value = ""; VariantName = "[No Variations]"
Add component (AddParameter): Name = "Ma_Hang"; Value = "MH004568"; VariantName = "[No Variations]"
Add component (AddParameter): Name = "So_Chan"; Value = "2"; VariantName = "[No Variations]"
Add component (AddParameter): Name = "Ten_Linh_Kien"; Value = "T? 0603 104-100nF 10% 50V"; VariantName = "[No Variations]"
Added Component: Designator=C20(tu 0603)
Add component. Clean all parameters for all variants
Add component (AddParameter): Name = "Chung_Loai"; Value = "Dán"; VariantName = "[No Variations]"
Add component (AddParameter): Name = "Don_Vi"; Value = "Con"; VariantName = "[No Variations]"
Add component (AddParameter): Name = "Kieu_Chan"; Value = ""; VariantName = "[No Variations]"
Add component (AddParameter): Name = "Ma_Hang"; Value = "MH004568"; VariantName = "[No Variations]"
Add component (AddParameter): Name = "So_Chan"; Value = "2"; VariantName = "[No Variations]"
Add component (AddParameter): Name = "Ten_Linh_Kien"; Value = "T? 0603 104-100nF 10% 50V"; VariantName = "[No Variations]"
Added Component: Designator=C21(tu 0603)
Add component. Clean all parameters for all variants
Add component (AddParameter): Name = "Chung_Loai"; Value = "Dán"; VariantName = "[No Variations]"
Add component (AddParameter): Name = "Don_Vi"; Value = "Con"; VariantName = "[No Variations]"
Add component (AddParameter): Name = "Kieu_Chan"; Value = ""; VariantName = "[No Variations]"
Add component (AddParameter): Name = "Ma_Hang"; Value = "MH004848"; VariantName = "[No Variations]"
Add component (AddParameter): Name = "So_Chan"; Value = "2"; VariantName = "[No Variations]"
Add component (AddParameter): Name = "Ten_Linh_Kien"; Value = "T? 0603-10uF 20% 16V"; VariantName = "[No Variations]"
Added Component: Designator=C22(tu 0603)
Add component. Clean all parameters for all variants
Add component (AddParameter): Name = "Chung_Loai"; Value = "Dán"; VariantName = "[No Variations]"
Add component (AddParameter): Name = "Don_Vi"; Value = "Con"; VariantName = "[No Variations]"
Add component (AddParameter): Name = "Kieu_Chan"; Value = ""; VariantName = "[No Variations]"
Add component (AddParameter): Name = "Ma_Hang"; Value = "MH004568"; VariantName = "[No Variations]"
Add component (AddParameter): Name = "So_Chan"; Value = "2"; VariantName = "[No Variations]"
Add component (AddParameter): Name = "Ten_Linh_Kien"; Value = "T? 0603 104-100nF 10% 50V"; VariantName = "[No Variations]"
Added Component: Designator=C23(tu 0603)
Add component. Clean all parameters for all variants
Add component (AddParameter): Name = "Chung_Loai"; Value = "Dán"; VariantName = "[No Variations]"
Add component (AddParameter): Name = "Don_Vi"; Value = "Con"; VariantName = "[No Variations]"
Add component (AddParameter): Name = "Kieu_Chan"; Value = ""; VariantName = "[No Variations]"
Add component (AddParameter): Name = "Ma_Hang"; Value = "MH004848"; VariantName = "[No Variations]"
Add component (AddParameter): Name = "So_Chan"; Value = "2"; VariantName = "[No Variations]"
Add component (AddParameter): Name = "Ten_Linh_Kien"; Value = "T? 0603-10uF 20% 16V"; VariantName = "[No Variations]"
Added Component: Designator=LED2(LED-0603-GREEN)
Add component. Clean all parameters for all variants
Add component (AddParameter): Name = "Color"; Value = "Green"; VariantName = "[No Variations]"
Add component (AddParameter): Name = "ComponentLink1Description"; Value = "http://www.mouser.com/ds/2/216/APT1608ZGCK-262051.pdf"; VariantName = "[No Variations]"
Add component (AddParameter): Name = "ComponentLink1URL"; Value = "http://www.mouser.com/ds/2/216/APT1608ZGCK-262051.pdf"; VariantName = "[No Variations]"
Add component (AddParameter): Name = "ComponentLink2Description"; Value = "APT1608-WAP24 Datasheet"; VariantName = "[No Variations]"
Add component (AddParameter): Name = "ComponentLink2URL"; Value = "\\SVFI2\PBLShare\Eng\Electrical Engineering\Hardware\Altium\Libraries and Templates\Unreleased Components\Part Number Request 2013-10-02\APT1608-WAP24(Ver.1B).pdf"; VariantName = "[No Variations]"
Add component (AddParameter): Name = "Current - Test"; Value = "20mA"; VariantName = "[No Variations]"
Add component (AddParameter): Name = "Lens Style/Size"; Value = "Rectangle with Flat Top, 1.2mm x 0.8mm"; VariantName = "[No Variations]"
Add component (AddParameter): Name = "Manufacturer 1"; Value = "Kingbright"; VariantName = "[No Variations]"
Add component (AddParameter): Name = "Manufacturer 2"; Value = "Kingbright Company LLC"; VariantName = "[No Variations]"
Add component (AddParameter): Name = "Manufacturer Part Number 1"; Value = "APT1608ZGCK"; VariantName = "[No Variations]"
Add component (AddParameter): Name = "Manufacturer Part Number 2"; Value = "APT1608-WAP24"; VariantName = "[No Variations]"
Add component (AddParameter): Name = "Material"; Value = "InGaN"; VariantName = "[No Variations]"
Add component (AddParameter): Name = "Package / Case"; Value = "0603 (1608 metric)"; VariantName = "[No Variations]"
Add component (AddParameter): Name = "Ratings"; Value = "200mcd min; 350 mcd typ @ 20mA"; VariantName = "[No Variations]"
Add component (AddParameter): Name = "SCDType"; Value = "source"; VariantName = "[No Variations]"
Add component (AddParameter): Name = "Supplier 1"; Value = "Mouser"; VariantName = "[No Variations]"
Add component (AddParameter): Name = "Supplier Part Number 1"; Value = "604-APT1608ZGCK"; VariantName = "[No Variations]"
Add component (AddParameter): Name = "Viewing Angle"; Value = "120°"; VariantName = "[No Variations]"
Add component (AddParameter): Name = "Voltage - Forward (Vf) @ 10mA"; Value = "3.1V"; VariantName = "[No Variations]"
Add component (AddParameter): Name = "Voltage - Forward (Vf) @ 20mA"; Value = "3.3V"; VariantName = "[No Variations]"
Added Component: Designator=LED3(LED-0603-RED)
Add component. Clean all parameters for all variants
Add component (AddParameter): Name = "Color"; Value = "Green"; VariantName = "[No Variations]"
Add component (AddParameter): Name = "ComponentLink1Description"; Value = "http://www.mouser.com/ds/2/216/APT1608ZGCK-262051.pdf"; VariantName = "[No Variations]"
Add component (AddParameter): Name = "ComponentLink1URL"; Value = "http://www.mouser.com/ds/2/216/APT1608ZGCK-262051.pdf"; VariantName = "[No Variations]"
Add component (AddParameter): Name = "ComponentLink2Description"; Value = "APT1608-WAP24 Datasheet"; VariantName = "[No Variations]"
Add component (AddParameter): Name = "ComponentLink2URL"; Value = "\\SVFI2\PBLShare\Eng\Electrical Engineering\Hardware\Altium\Libraries and Templates\Unreleased Components\Part Number Request 2013-10-02\APT1608-WAP24(Ver.1B).pdf"; VariantName = "[No Variations]"
Add component (AddParameter): Name = "Current - Test"; Value = "20mA"; VariantName = "[No Variations]"
Add component (AddParameter): Name = "Lens Style/Size"; Value = "Rectangle with Flat Top, 1.2mm x 0.8mm"; VariantName = "[No Variations]"
Add component (AddParameter): Name = "Manufacturer 1"; Value = "Kingbright"; VariantName = "[No Variations]"
Add component (AddParameter): Name = "Manufacturer 2"; Value = "Kingbright Company LLC"; VariantName = "[No Variations]"
Add component (AddParameter): Name = "Manufacturer Part Number 1"; Value = "APT1608ZGCK"; VariantName = "[No Variations]"
Add component (AddParameter): Name = "Manufacturer Part Number 2"; Value = "APT1608-WAP24"; VariantName = "[No Variations]"
Add component (AddParameter): Name = "Material"; Value = "InGaN"; VariantName = "[No Variations]"
Add component (AddParameter): Name = "Package / Case"; Value = "0603 (1608 metric)"; VariantName = "[No Variations]"
Add component (AddParameter): Name = "Ratings"; Value = "200mcd min; 350 mcd typ @ 20mA"; VariantName = "[No Variations]"
Add component (AddParameter): Name = "SCDType"; Value = "source"; VariantName = "[No Variations]"
Add component (AddParameter): Name = "Supplier 1"; Value = "Mouser"; VariantName = "[No Variations]"
Add component (AddParameter): Name = "Supplier Part Number 1"; Value = "604-APT1608ZGCK"; VariantName = "[No Variations]"
Add component (AddParameter): Name = "Viewing Angle"; Value = "120°"; VariantName = "[No Variations]"
Add component (AddParameter): Name = "Voltage - Forward (Vf) @ 10mA"; Value = "3.1V"; VariantName = "[No Variations]"
Add component (AddParameter): Name = "Voltage - Forward (Vf) @ 20mA"; Value = "3.3V"; VariantName = "[No Variations]"
Added Component: Designator=R20(tro smd 0603)
Add component. Clean all parameters for all variants
Add component (AddParameter): Name = "Chung_Loai"; Value = "Dán"; VariantName = "[No Variations]"
Add component (AddParameter): Name = "Don_Vi"; Value = "Con"; VariantName = "[No Variations]"
Add component (AddParameter): Name = "Kieu_Chan"; Value = ""; VariantName = "[No Variations]"
Add component (AddParameter): Name = "Ma_Hang"; Value = "MH006327"; VariantName = "[No Variations]"
Add component (AddParameter): Name = "So_Chan"; Value = "2"; VariantName = "[No Variations]"
Add component (AddParameter): Name = "Ten_Linh_Kien"; Value = "Tr? 0603 5% 4.7k"; VariantName = "[No Variations]"
Added Component: Designator=R21(tro smd 0603)
Add component. Clean all parameters for all variants
Add component (AddParameter): Name = "Chung_Loai"; Value = "Dán"; VariantName = "[No Variations]"
Add component (AddParameter): Name = "Don_Vi"; Value = "Con"; VariantName = "[No Variations]"
Add component (AddParameter): Name = "Kieu_Chan"; Value = ""; VariantName = "[No Variations]"
Add component (AddParameter): Name = "Ma_Hang"; Value = "MH006327"; VariantName = "[No Variations]"
Add component (AddParameter): Name = "So_Chan"; Value = "2"; VariantName = "[No Variations]"
Add component (AddParameter): Name = "Ten_Linh_Kien"; Value = "Tr? 0603 5% 4.7k"; VariantName = "[No Variations]"
Added Component: Designator=R22(tro smd 0603)
Add component. Clean all parameters for all variants
Add component (AddParameter): Name = "Chung_Loai"; Value = "Dán"; VariantName = "[No Variations]"
Add component (AddParameter): Name = "Don_Vi"; Value = "Con"; VariantName = "[No Variations]"
Add component (AddParameter): Name = "Kieu_Chan"; Value = ""; VariantName = "[No Variations]"
Add component (AddParameter): Name = "Ma_Hang"; Value = "MH006316"; VariantName = "[No Variations]"
Add component (AddParameter): Name = "So_Chan"; Value = "2"; VariantName = "[No Variations]"
Add component (AddParameter): Name = "Ten_Linh_Kien"; Value = "Tr? 0603 5% 10k"; VariantName = "[No Variations]"
Added Component: Designator=R23(tro smd 0603)
Add component. Clean all parameters for all variants
Add component (AddParameter): Name = "Chung_Loai"; Value = "Dán"; VariantName = "[No Variations]"
Add component (AddParameter): Name = "Don_Vi"; Value = "Con"; VariantName = "[No Variations]"
Add component (AddParameter): Name = "Kieu_Chan"; Value = ""; VariantName = "[No Variations]"
Add component (AddParameter): Name = "Ma_Hang"; Value = "MH006316"; VariantName = "[No Variations]"
Add component (AddParameter): Name = "So_Chan"; Value = "2"; VariantName = "[No Variations]"
Add component (AddParameter): Name = "Ten_Linh_Kien"; Value = "Tr? 0603 5% 10k"; VariantName = "[No Variations]"
Added Component: Designator=R24(tro smd 0603)
Add component. Clean all parameters for all variants
Add component (AddParameter): Name = "Chung_Loai"; Value = "Dán"; VariantName = "[No Variations]"
Add component (AddParameter): Name = "Don_Vi"; Value = "Con"; VariantName = "[No Variations]"
Add component (AddParameter): Name = "Kieu_Chan"; Value = ""; VariantName = "[No Variations]"
Add component (AddParameter): Name = "Ma_Hang"; Value = "MH006315"; VariantName = "[No Variations]"
Add component (AddParameter): Name = "So_Chan"; Value = "2"; VariantName = "[No Variations]"
Add component (AddParameter): Name = "Ten_Linh_Kien"; Value = "Tr? 0603 5% 100R"; VariantName = "[No Variations]"
Added Component: Designator=R29(tro smd 0603)
Add component. Clean all parameters for all variants
Add component (AddParameter): Name = "Chung_Loai"; Value = "Dán"; VariantName = "[No Variations]"
Add component (AddParameter): Name = "Don_Vi"; Value = "Con"; VariantName = "[No Variations]"
Add component (AddParameter): Name = "Kieu_Chan"; Value = ""; VariantName = "[No Variations]"
Add component (AddParameter): Name = "Ma_Hang"; Value = "MH006319"; VariantName = "[No Variations]"
Add component (AddParameter): Name = "So_Chan"; Value = "2"; VariantName = "[No Variations]"
Add component (AddParameter): Name = "Ten_Linh_Kien"; Value = "Tr? 0603 5% 1k"; VariantName = "[No Variations]"
Added Component: Designator=R31(tro smd 0603)
Add component. Clean all parameters for all variants
Add component (AddParameter): Name = "Chung_Loai"; Value = "Dán"; VariantName = "[No Variations]"
Add component (AddParameter): Name = "Don_Vi"; Value = "Con"; VariantName = "[No Variations]"
Add component (AddParameter): Name = "Kieu_Chan"; Value = ""; VariantName = "[No Variations]"
Add component (AddParameter): Name = "Ma_Hang"; Value = "MH005792"; VariantName = "[No Variations]"
Add component (AddParameter): Name = "So_Chan"; Value = "2"; VariantName = "[No Variations]"
Add component (AddParameter): Name = "Ten_Linh_Kien"; Value = "Tr? 0603 1% 0R"; VariantName = "[No Variations]"
Added Component: Designator=R32(tro smd 0603)
Add component. Clean all parameters for all variants
Add component (AddParameter): Name = "Chung_Loai"; Value = "Dán"; VariantName = "[No Variations]"
Add component (AddParameter): Name = "Don_Vi"; Value = "Con"; VariantName = "[No Variations]"
Add component (AddParameter): Name = "Kieu_Chan"; Value = ""; VariantName = "[No Variations]"
Add component (AddParameter): Name = "Ma_Hang"; Value = "MH006333"; VariantName = "[No Variations]"
Add component (AddParameter): Name = "So_Chan"; Value = "2"; VariantName = "[No Variations]"
Add component (AddParameter): Name = "Ten_Linh_Kien"; Value = "Tr? 0603 1% 10k"; VariantName = "[No Variations]"
Added Pin To Net: NetName=3.3VDC Pin=C1-1
Added Pin To Net: NetName=GND Pin=C1-2
Added Pin To Net: NetName=3.3VDC Pin=C2-1
Added Pin To Net: NetName=EN Pin=C3-1
Added Pin To Net: NetName=BOOT Pin=C4-1
Added Pin To Net: NetName=3.3VDC Pin=C6-1
Added Pin To Net: NetName=GND Pin=C6-2
Added Pin To Net: NetName=+5V Pin=C8-1
Added Pin To Net: NetName=GND Pin=C8-2
Added Pin To Net: NetName=4.2V Pin=C9-1
Added Pin To Net: NetName=GND Pin=C9-2
Added Pin To Net: NetName=NetC7_1 Pin=C10-1
Added Pin To Net: NetName=GND Pin=C10-2
Added Pin To Net: NetName=+3.3V Pin=C11-1
Added Pin To Net: NetName=GND Pin=C11-2
Added Pin To Net: NetName=+3.3V Pin=C12-1
Added Pin To Net: NetName=GND Pin=C12-2
Added Pin To Net: NetName=4.2V Pin=C13-1
Added Pin To Net: NetName=GND Pin=C13-2
Added Pin To Net: NetName=4.2V Pin=C14-1
Added Pin To Net: NetName=NetC34_2 Pin=C15-1
Added Pin To Net: NetName=GND Pin=C15-2
Added Pin To Net: NetName=4.2V Pin=C16-1
Added Pin To Net: NetName=GND Pin=C16-2
Added Pin To Net: NetName=4.2V Pin=C17-1
Added Pin To Net: NetName=GND Pin=C17-2
Added Pin To Net: NetName=5V Pin=C18-1
Added Pin To Net: NetName=GND Pin=C18-2
Added Pin To Net: NetName=5VDC Pin=C19-1
Added Pin To Net: NetName=GND Pin=C19-2
Added Pin To Net: NetName=3.3VDC Pin=C20-1
Added Pin To Net: NetName=GND Pin=C20-2
Added Pin To Net: NetName=3.3VDC Pin=C21-1
Added Pin To Net: NetName=GND Pin=C21-2
Added Pin To Net: NetName=3.3VDC Pin=C22-1
Added Pin To Net: NetName=GND Pin=C22-2
Added Pin To Net: NetName=3.3VDC Pin=C23-1
Added Pin To Net: NetName=GND Pin=C23-2
Added Pin To Net: NetName=LED Pin=LED1-K
Added Pin To Net: NetName=NetR28_2 Pin=LED1-K
Added Pin To Net: NetName=+3.3V Pin=LED2-K
Added Pin To Net: NetName=NetLED1_2 Pin=LED2-K
Added Pin To Net: NetName=5V Pin=LED3-K
Added Pin To Net: NetName=NetLED4_2 Pin=LED3-K
Added Pin To Net: NetName=5V Pin=LED4-K
Added Pin To Net: NetName=NetLED5_2 Pin=LED4-K
Added Pin To Net: NetName=NetIC1_6 Pin=R9-1
Added Pin To Net: NetName=SPI_SCK Pin=R9-2
Added Pin To Net: NetName=NetIC1_5 Pin=R10-1
Added Pin To Net: NetName=SPI_MOSI Pin=R10-2
Added Pin To Net: NetName=GND Pin=R11-1
Added Pin To Net: NetName=NetIC1_6 Pin=R11-2
Added Pin To Net: NetName=EN Pin=R12-1
Added Pin To Net: NetName=3.3VDC Pin=R12-2
Added Pin To Net: NetName=BOOT Pin=R13-1
Added Pin To Net: NetName=3.3VDC Pin=R13-2
Added Pin To Net: NetName=GPIO33 Pin=R14-1
Added Pin To Net: NetName=5VDC Pin=R14-2
Added Pin To Net: NetName=GPIO32 Pin=R15-1
Added Pin To Net: NetName=4.2V Pin=R15-2
Added Pin To Net: NetName=GND Pin=R16-1
Added Pin To Net: NetName=GPIO2 Pin=R16-2
Added Pin To Net: NetName=GND Pin=R17-1
Added Pin To Net: NetName=GPIO33 Pin=R17-2
Added Pin To Net: NetName=GPIO32 Pin=R18-2
Added Pin To Net: NetName=NetR28_2 Pin=R19-2
Added Pin To Net: NetName=I2C_SCL Pin=R20-1
Added Pin To Net: NetName=3.3VDC Pin=R20-2
Added Pin To Net: NetName=I2C_SDA Pin=R21-1
Added Pin To Net: NetName=3.3VDC Pin=R21-2
Added Pin To Net: NetName=4.2V Pin=R22-1
Added Pin To Net: NetName=NetIC2_4 Pin=R22-2
Added Pin To Net: NetName=GND Pin=R23-1
Added Pin To Net: NetName=NetQ2_1 Pin=R23-2
Added Pin To Net: NetName=5V Pin=R24-1
Added Pin To Net: NetName=NetQ2_1 Pin=R24-2
Added Pin To Net: NetName=GND Pin=R25-1
Added Pin To Net: NetName=NetLED1_2 Pin=R25-2
Added Pin To Net: NetName=GND Pin=R26-1
Added Pin To Net: NetName=NetLED6_2 Pin=R26-2
Added Pin To Net: NetName=4.2V Pin=R27-1
Added Pin To Net: NetName=NetC34_2 Pin=R27-2
Added Pin To Net: NetName=NetIC8_2 Pin=R28-2
Added Pin To Net: NetName=NetIC9_7 Pin=R29-1
Added Pin To Net: NetName=NetLED4_2 Pin=R29-2
Added Pin To Net: NetName=NetIC9_6 Pin=R30-1
Added Pin To Net: NetName=NetLED5_2 Pin=R30-2
Added Pin To Net: NetName=GND Pin=R31-1
Added Pin To Net: NetName=NetIC9_2 Pin=R31-2
Added Pin To Net: NetName=3.3VDC Pin=R32-1
Added Pin To Net: NetName=PMS_Set Pin=R32-2
Added Pin To Net: NetName=DATA_DHT22 Pin=R33-1
Added Pin To Net: NetName=3.3VDC Pin=R33-2
Added Pin To Net: NetName=PMS_Reset Pin=R35-1
Added Pin To Net: NetName=3.3VDC Pin=R35-2
Added Pin To Net: NetName=NetLED6_2 Pin=VR2-1
Change Net Name : Old Net Name=NetC34_2 New Net Name=NetC15_1
Change Net Name : Old Net Name=NetLED1_2 New Net Name=NetLED2_K
Change Net Name : Old Net Name=NetLED4_2 New Net Name=NetLED3_K
Change Net Name : Old Net Name=NetLED5_2 New Net Name=NetLED4_K
Change Net Name : Old Net Name=NetLED6_2 New Net Name=NetR26_2
Change Net Name : Old Net Name=NetR28_2 New Net Name=NetLED1_K
Added Member To Class: ClassName=U_Power Member=Component C8 106
Added Member To Class: ClassName=U_Power Member=Component C9 226
Added Member To Class: ClassName=U_Power Member=Component C10 226
Added Member To Class: ClassName=U_Power Member=Component C11 106
Added Member To Class: ClassName=U_Power Member=Component C12 104
Added Member To Class: ClassName=U_Power Member=Component C13 106
Added Member To Class: ClassName=U_Power Member=Component C14 106
Added Member To Class: ClassName=U_Power Member=Component C15 104
Added Member To Class: ClassName=U_Power Member=Component C16 106
Added Member To Class: ClassName=U_Power Member=Component C17 106
Added Member To Class: ClassName=U_Power Member=Component C18 106
Added Member To Class: ClassName=U_Sensor Member=Component C19 104
Added Member To Class: ClassName=U_Sensor Member=Component C20 104
Added Member To Class: ClassName=U_Sensor Member=Component C21 106
Added Member To Class: ClassName=U_Sensor Member=Component C22 104
Added Member To Class: ClassName=U_Sensor Member=Component C23 106
Added Member To Class: ClassName=U_Power Member=Component LED2 LED SMD 0603
Added Member To Class: ClassName=U_Power Member=Component LED3 LED SMD 0603
Added Member To Class: ClassName=MCU Member=Component R9 47R
Added Member To Class: ClassName=MCU Member=Component R10 47R
Added Member To Class: ClassName=MCU Member=Component R20 4.7k
Added Member To Class: ClassName=MCU Member=Component R21 4.7k
Added Member To Class: ClassName=U_Power Member=Component R22 10k
Added Member To Class: ClassName=U_Power Member=Component R23 10k
Added Member To Class: ClassName=U_Power Member=Component R24 100R
Added Member To Class: ClassName=U_Power Member=Component R25 100R
Added Member To Class: ClassName=U_Power Member=Component R26 2.2k
Added Member To Class: ClassName=U_Power Member=Component R29 1k
Added Member To Class: ClassName=U_Power Member=Component R31 1.2k
Added Member To Class: ClassName=U_Sensor Member=Component R32 10k
Added Member To Class: ClassName=U_Sensor Member=Component R33 10k
Added Member To Class: ClassName=U_Sensor Member=Component R35 10k
Added Room: Name=MCU
Added Room: Name=U_Power
Added Room: Name=U_Sensor
